<?xml version="1.0" encoding="UTF-8"?>
<testng-results total="2" passed="2" failed="0" skipped="0">
  <reporter-output>
  </reporter-output>
  <suite started-at="2020-12-15T08:28:51Z" name="My Test Suite" finished-at="2020-12-15T08:28:51Z" duration-ms="19">
    <groups>
    </groups>
    <test started-at="2020-12-15T08:28:51Z" name="My Test" finished-at="2020-12-15T08:28:51Z" duration-ms="19">
      <class name="org.wso2.scim2.compliance.tests.SchemaTestImpl">
        <test-method is-config="true" signature="beforeTest()[pri:0, instance:org.wso2.scim2.compliance.tests.SchemaTestImpl@29ee9faa]" started-at="2020-12-15T13:58:51Z" name="beforeTest" finished-at="2020-12-15T13:58:51Z" duration-ms="6" status="PASS">
          <reporter-output>
          </reporter-output>
        </test-method> <!-- beforeTest -->
        <test-method signature="test()[pri:0, instance:org.wso2.scim2.compliance.tests.SchemaTestImpl@29ee9faa]" started-at="2020-12-15T13:58:51Z" name="test" finished-at="2020-12-15T13:58:51Z" duration-ms="0" status="PASS">
          <reporter-output>
          </reporter-output>
        </test-method> <!-- test -->
        <test-method signature="test2()[pri:0, instance:org.wso2.scim2.compliance.tests.SchemaTestImpl@29ee9faa]" started-at="2020-12-15T13:58:51Z" name="test2" finished-at="2020-12-15T13:58:51Z" duration-ms="0" status="PASS">
          <reporter-output>
          </reporter-output>
        </test-method> <!-- test2 -->
        <test-method is-config="true" signature="beforeTest()[pri:0, instance:org.wso2.scim2.compliance.tests.SchemaTestImpl@29ee9faa]" started-at="2020-12-15T13:58:51Z" name="beforeTest" finished-at="2020-12-15T13:58:51Z" duration-ms="0" status="PASS">
          <reporter-output>
          </reporter-output>
        </test-method> <!-- beforeTest -->
      </class> <!-- org.wso2.scim2.compliance.tests.SchemaTestImpl -->
    </test> <!-- My Test -->
  </suite> <!-- My Test Suite -->
</testng-results>
